2026-04-26 21:52:27,319 - [INFO] - 🚀 Master Control Booting Up...
2026-04-26 21:52:27,320 - [INFO] - First boot detected. Starting BLE setup...
2026-04-26 21:53:01,636 - [INFO] - WiFi setup completed.
2026-04-26 21:53:01,637 - [INFO] - Starting hardware monitor and voice listener...
2026-04-26 21:53:01,761 - [INFO] - Switched to OFFLINE vision
2026-04-26 21:53:03,334 - [WARNING] - Restarting safety_hardware...
2026-04-26 21:53:08,478 - [WARNING] - Restarting safety_hardware...
2026-04-26 21:53:13,580 - [WARNING] - Restarting safety_hardware...
2026-04-26 21:53:18,741 - [INFO] - Switched to ONLINE vision
2026-04-26 21:53:20,960 - [WARNING] - Restarting safety_hardware...
2026-04-26 21:53:26,006 - [WARNING] - Restarting safety_hardware...
2026-04-26 21:53:31,078 - [WARNING] - Restarting safety_hardware...
2026-04-26 21:53:36,146 - [WARNING] - Restarting safety_hardware...
2026-04-26 21:53:41,267 - [WARNING] - Restarting safety_hardware...
2026-04-26 21:53:46,369 - [WARNING] - Restarting safety_hardware...
2026-04-26 21:53:51,412 - [INFO] - [ONLINE] hw=False voice=True vision=None
2026-04-26 21:53:51,809 - [WARNING] - Restarting safety_hardware...
2026-04-26 21:53:57,682 - [WARNING] - Restarting safety_hardware...
2026-04-26 21:54:02,736 - [WARNING] - Restarting safety_hardware...
2026-04-26 21:54:07,901 - [WARNING] - Restarting safety_hardware...
2026-04-26 21:54:12,930 - [WARNING] - Restarting safety_hardware...
2026-04-26 21:54:17,986 - [WARNING] - Restarting safety_hardware...
2026-04-26 21:54:23,540 - [WARNING] - Restarting safety_hardware...
2026-04-26 21:54:28,624 - [WARNING] - Restarting safety_hardware...
2026-04-26 21:54:33,691 - [WARNING] - Restarting safety_hardware...
2026-04-26 21:54:38,737 - [WARNING] - Restarting safety_hardware...
2026-04-26 21:54:43,758 - [INFO] - [ONLINE] hw=False voice=True vision=None
2026-04-26 21:54:43,759 - [WARNING] - Restarting safety_hardware...
2026-04-26 21:54:48,834 - [WARNING] - Restarting safety_hardware...
2026-04-26 21:54:55,987 - [INFO] - Switched to OFFLINE vision
2026-04-26 21:54:57,405 - [WARNING] - Restarting safety_hardware...
2026-04-26 21:55:02,512 - [INFO] - Switched to ONLINE vision
2026-04-26 21:55:04,627 - [WARNING] - Restarting safety_hardware...
2026-04-26 21:55:11,735 - [INFO] - Switched to OFFLINE vision
2026-04-26 21:55:13,210 - [WARNING] - Restarting safety_hardware...
2026-04-26 21:55:18,599 - [INFO] - Switched to ONLINE vision
2026-04-26 21:55:20,069 - [WARNING] - Restarting safety_hardware...
2026-04-26 21:55:25,259 - [WARNING] - Restarting safety_hardware...
2026-04-26 21:55:31,817 - [WARNING] - Restarting safety_hardware...
2026-04-26 21:55:38,350 - [WARNING] - Restarting safety_hardware...
2026-04-26 21:55:43,780 - [WARNING] - Restarting safety_hardware...
2026-04-26 21:55:48,911 - [INFO] - 🛑 Shutting down all processes...
2026-04-26 21:57:04,638 - [INFO] - 🚀 Master Control Booting Up...
2026-04-26 21:57:04,638 - [INFO] - Starting hardware monitor and voice listener...
2026-04-26 21:57:04,688 - [INFO] - Switched to ONLINE vision
2026-04-26 21:57:56,480 - [INFO] - [ONLINE] hw=True voice=True vision=None
2026-04-26 21:58:43,505 - [INFO] - 🛑 Shutting down all processes...
2026-04-26 22:01:08,910 - [INFO] - 🚀 Master Control Booting Up...
2026-04-26 22:01:08,910 - [INFO] - Starting hardware monitor and voice listener...
2026-04-26 22:01:10,120 - [INFO] - Switched to ONLINE vision
2026-04-26 22:02:00,323 - [INFO] - [ONLINE] hw=True voice=True vision=None
2026-04-26 22:02:55,037 - [INFO] - [ONLINE] hw=True voice=True vision=None
2026-04-26 22:03:48,283 - [INFO] - [ONLINE] hw=True voice=True vision=None
2026-04-26 22:04:40,099 - [INFO] - [ONLINE] hw=True voice=True vision=None
2026-04-26 22:05:31,952 - [INFO] - [ONLINE] hw=True voice=True vision=None
2026-04-26 22:06:01,991 - [INFO] - 🛑 Shutting down all processes...
2026-04-26 22:06:10,957 - [INFO] - 🚀 Master Control Booting Up...
2026-04-26 22:06:10,957 - [INFO] - Starting hardware monitor and voice listener...
2026-04-26 22:06:11,040 - [INFO] - Switched to ONLINE vision
2026-04-26 22:06:59,310 - [INFO] - [ONLINE] hw=True voice=True vision=None
2026-04-26 22:07:51,055 - [INFO] - [ONLINE] hw=True voice=True vision=None
2026-04-26 22:08:08,347 - [INFO] - Switched to OFFLINE vision
2026-04-26 22:08:16,062 - [INFO] - Switched to ONLINE vision
2026-04-26 22:08:51,921 - [INFO] - [ONLINE] hw=True voice=True vision=None
2026-04-26 22:09:43,647 - [INFO] - [ONLINE] hw=True voice=True vision=None
2026-04-26 22:10:35,469 - [INFO] - [ONLINE] hw=True voice=True vision=None
2026-04-26 22:10:47,696 - [INFO] - Switched to OFFLINE vision
2026-04-26 22:11:36,259 - [INFO] - Switched to ONLINE vision
2026-04-26 22:11:43,241 - [INFO] - [ONLINE] hw=True voice=True vision=None
2026-04-26 22:12:10,556 - [INFO] - 🛑 Shutting down all processes...
2026-04-26 22:16:43,071 - [INFO] - 🚀 Master Control Booting Up...
2026-04-26 22:16:43,071 - [INFO] - Starting hardware monitor and voice listener...
2026-04-26 22:16:43,093 - [INFO] - Switched to ONLINE vision
2026-04-26 22:17:30,933 - [INFO] - [ONLINE] hw=True voice=True vision=None
2026-04-26 22:18:21,464 - [INFO] - [ONLINE] hw=True voice=True vision=None
2026-04-26 22:19:11,732 - [INFO] - [ONLINE] hw=True voice=True vision=None
2026-04-26 22:20:02,246 - [INFO] - [ONLINE] hw=True voice=True vision=None
2026-04-26 22:20:15,673 - [INFO] - 🛑 Shutting down all processes...
2026-04-26 22:20:46,991 - [INFO] - 🚀 Master Control Booting Up...
2026-04-26 22:20:46,991 - [INFO] - Starting hardware monitor and voice listener...
2026-04-26 22:20:47,004 - [INFO] - Switched to ONLINE vision
2026-04-26 22:21:34,598 - [INFO] - [ONLINE] hw=True voice=True vision=None
2026-04-26 22:22:25,079 - [INFO] - [ONLINE] hw=True voice=True vision=None
2026-04-26 22:23:15,364 - [INFO] - [ONLINE] hw=True voice=True vision=None
2026-04-26 22:23:44,114 - [INFO] - 🛑 Shutting down all processes...
2026-04-26 22:27:27,414 - [INFO] - 🚀 Master Control Booting Up...
2026-04-26 22:27:27,414 - [INFO] - Starting hardware monitor and voice listener...
2026-04-26 22:27:27,441 - [INFO] - Switched to ONLINE vision
2026-04-26 22:28:14,864 - [INFO] - [ONLINE] hw=True voice=True vision=None
2026-04-26 22:28:17,958 - [INFO] - 🛑 Shutting down all processes...
2026-04-26 22:28:43,533 - [INFO] - 🚀 Master Control Booting Up...
2026-04-26 22:28:43,534 - [INFO] - Starting hardware monitor and voice listener...
2026-04-26 22:28:43,545 - [INFO] - Switched to ONLINE vision
2026-04-26 22:29:32,693 - [INFO] - [ONLINE] hw=True voice=True vision=None
2026-04-26 22:30:23,223 - [INFO] - [ONLINE] hw=True voice=True vision=None
2026-04-26 22:31:13,512 - [INFO] - [ONLINE] hw=True voice=True vision=None
2026-04-26 22:32:04,023 - [INFO] - [ONLINE] hw=True voice=True vision=None
2026-04-26 22:32:09,018 - [INFO] - 🛑 Shutting down all processes...
2026-04-26 22:33:16,367 - [INFO] - 🚀 Master Control Booting Up...
2026-04-26 22:33:16,368 - [INFO] - Starting hardware monitor and voice listener...
2026-04-26 22:33:16,388 - [INFO] - Switched to ONLINE vision
2026-04-26 22:34:04,020 - [INFO] - [ONLINE] hw=True voice=True vision=None
2026-04-26 22:34:54,524 - [INFO] - [ONLINE] hw=True voice=True vision=None
2026-04-26 22:35:45,004 - [INFO] - [ONLINE] hw=True voice=True vision=None
2026-04-26 22:36:15,879 - [INFO] - 🛑 Shutting down all processes...
2026-04-26 22:39:50,948 - [INFO] - 🚀 Master Control Booting Up...
2026-04-26 22:39:50,949 - [INFO] - Starting hardware monitor and voice listener...
2026-04-26 22:39:50,969 - [INFO] - Switched to ONLINE vision
2026-04-26 22:40:35,323 - [INFO] - 🛑 Shutting down all processes...
2026-04-26 22:40:48,220 - [INFO] - 🚀 Master Control Booting Up...
2026-04-26 22:40:48,221 - [INFO] - Starting hardware monitor and voice listener...
2026-04-26 22:40:48,231 - [INFO] - Switched to ONLINE vision
2026-04-26 22:41:35,336 - [INFO] - [ONLINE] hw=True voice=True vision=None
2026-04-26 22:42:25,861 - [INFO] - [ONLINE] hw=True voice=True vision=None
2026-04-26 22:43:16,137 - [INFO] - [ONLINE] hw=True voice=True vision=None
2026-04-26 22:44:06,725 - [INFO] - [ONLINE] hw=True voice=True vision=None
2026-04-26 22:44:41,088 - [INFO] - 🛑 Shutting down all processes...
2026-04-26 22:55:21,488 - [INFO] - 🚀 Master Control Booting Up...
2026-04-26 22:55:21,489 - [INFO] - Starting hardware monitor and voice listener...
2026-04-26 22:55:21,512 - [INFO] - Switched to ONLINE vision
2026-04-26 22:55:24,119 - [WARNING] - Restarting safety_hardware...
2026-04-26 22:55:24,120 - [WARNING] - Restarting voice_listener...
2026-04-26 22:55:28,169 - [INFO] - 🛑 Shutting down all processes...
2026-04-26 23:00:30,862 - [INFO] - 🚀 Master Control Booting Up...
2026-04-26 23:00:30,863 - [INFO] - Starting hardware monitor and voice listener...
2026-04-26 23:00:30,884 - [INFO] - Switched to ONLINE vision
2026-04-26 23:00:33,278 - [WARNING] - Restarting voice_listener...
2026-04-26 23:00:38,287 - [WARNING] - Restarting voice_listener...
2026-04-26 23:00:38,563 - [INFO] - 🛑 Shutting down all processes...
2026-04-26 23:01:49,867 - [INFO] - 🚀 Master Control Booting Up...
2026-04-26 23:01:49,867 - [INFO] - Starting hardware monitor and voice listener...
2026-04-26 23:01:49,885 - [INFO] - Switched to ONLINE vision
2026-04-26 23:02:16,200 - [INFO] - 🛑 Shutting down all processes...
2026-04-26 23:02:58,442 - [INFO] - 🚀 Master Control Booting Up...
2026-04-26 23:02:58,443 - [INFO] - Starting hardware monitor and voice listener...
2026-04-26 23:02:58,458 - [INFO] - Switched to ONLINE vision
2026-04-26 23:03:37,279 - [INFO] - 🛑 Shutting down all processes...
2026-04-26 23:05:21,638 - [INFO] - 🚀 Master Control Booting Up...
2026-04-26 23:05:21,639 - [INFO] - Starting hardware monitor and voice listener...
2026-04-26 23:05:21,657 - [INFO] - Switched to ONLINE vision
2026-04-26 23:06:09,351 - [INFO] - [ONLINE] hw=True voice=True vision=1
2026-04-26 23:06:09,447 - [INFO] - 🛑 Shutting down all processes...
2026-04-26 23:06:17,675 - [INFO] - 🚀 Master Control Booting Up...
2026-04-26 23:06:17,675 - [INFO] - Starting hardware monitor and voice listener...
2026-04-26 23:06:17,687 - [INFO] - Switched to ONLINE vision
2026-04-26 23:08:16,840 - [INFO] - 🚀 Master Control Booting Up...
2026-04-26 23:08:16,845 - [INFO] - Starting hardware monitor and voice listener...
2026-04-26 23:08:16,870 - [INFO] - Switched to ONLINE vision
2026-04-26 23:09:04,403 - [INFO] - [ONLINE] hw=True voice=True vision=1
2026-04-26 23:09:53,541 - [INFO] - 🛑 Shutting down all processes...
2026-04-26 23:09:55,591 - [INFO] - 🚀 Master Control Booting Up...
2026-04-26 23:09:55,591 - [INFO] - Starting hardware monitor and voice listener...
2026-04-26 23:09:55,606 - [INFO] - Switched to ONLINE vision
2026-04-26 23:10:43,264 - [INFO] - [ONLINE] hw=True voice=True vision=None
2026-04-26 23:11:01,025 - [INFO] - 🛑 Shutting down all processes...
2026-04-26 23:11:31,567 - [INFO] - 🚀 Master Control Booting Up...
2026-04-26 23:11:31,568 - [INFO] - Starting hardware monitor and voice listener...
2026-04-26 23:11:31,585 - [INFO] - Switched to ONLINE vision
2026-04-26 23:11:33,714 - [WARNING] - Restarting voice_listener...
2026-04-26 23:11:38,724 - [WARNING] - Restarting voice_listener...
2026-04-26 23:11:43,732 - [WARNING] - Restarting voice_listener...
2026-04-26 23:11:48,739 - [WARNING] - Restarting voice_listener...
2026-04-26 23:11:53,746 - [WARNING] - Restarting voice_listener...
2026-04-26 23:11:56,936 - [INFO] - 🛑 Shutting down all processes...
2026-04-26 23:12:34,562 - [INFO] - 🚀 Master Control Booting Up...
2026-04-26 23:12:34,562 - [INFO] - Starting hardware monitor and voice listener...
2026-04-26 23:12:34,573 - [INFO] - Switched to ONLINE vision
2026-04-26 23:12:36,630 - [WARNING] - Restarting voice_listener...
2026-04-26 23:12:41,637 - [WARNING] - Restarting voice_listener...
2026-04-26 23:12:46,644 - [WARNING] - Restarting voice_listener...
2026-04-26 23:12:51,661 - [WARNING] - Restarting voice_listener...
2026-04-26 23:12:56,669 - [WARNING] - Restarting voice_listener...
2026-04-26 23:13:01,676 - [WARNING] - Restarting voice_listener...
2026-04-26 23:13:06,947 - [WARNING] - Restarting voice_listener...
2026-04-26 23:13:10,770 - [INFO] - 🛑 Shutting down all processes...
2026-04-26 23:16:43,896 - [INFO] - 🚀 Master Control Booting Up...
2026-04-26 23:16:43,897 - [INFO] - Starting hardware monitor and voice listener...
2026-04-26 23:16:43,915 - [INFO] - Switched to ONLINE vision
2026-04-26 23:17:32,459 - [INFO] - [ONLINE] hw=True voice=True vision=None
2026-04-26 23:18:23,075 - [INFO] - [ONLINE] hw=True voice=True vision=None
2026-04-26 23:19:14,408 - [INFO] - [ONLINE] hw=True voice=True vision=None
2026-04-26 23:19:28,792 - [INFO] - 🛑 Shutting down all processes...
2026-04-26 23:28:54,376 - [INFO] - 🚀 Master Control Booting Up...
2026-04-26 23:28:54,376 - [INFO] - Starting hardware monitor and voice listener...
2026-04-26 23:28:54,400 - [INFO] - Switched to ONLINE vision
2026-04-26 23:29:41,882 - [INFO] - [ONLINE] hw=True voice=True vision=None
2026-04-26 23:30:32,650 - [INFO] - [ONLINE] hw=True voice=True vision=None
2026-04-26 23:31:23,163 - [INFO] - [ONLINE] hw=True voice=True vision=None
2026-04-26 23:32:13,727 - [INFO] - [ONLINE] hw=True voice=True vision=None
2026-04-26 23:33:04,522 - [INFO] - [ONLINE] hw=True voice=True vision=None
2026-04-26 23:33:08,889 - [INFO] - 🛑 Shutting down all processes...
2026-04-26 23:38:25,221 - [INFO] - 🚀 Master Control Booting Up...
2026-04-26 23:38:25,222 - [INFO] - Starting hardware monitor and voice listener...
2026-04-26 23:38:25,244 - [INFO] - Switched to ONLINE vision
2026-04-26 23:38:36,492 - [INFO] - 🛑 Shutting down all processes...
2026-04-26 23:38:39,340 - [INFO] - 🚀 Master Control Booting Up...
2026-04-26 23:38:39,341 - [INFO] - Starting hardware monitor and voice listener...
2026-04-26 23:38:39,350 - [INFO] - Switched to ONLINE vision
2026-04-26 23:39:26,714 - [INFO] - [ONLINE] hw=True voice=True vision=None
2026-04-26 23:39:37,261 - [INFO] - 🛑 Shutting down all processes...
2026-04-26 23:39:47,664 - [INFO] - 🚀 Master Control Booting Up...
2026-04-26 23:39:47,664 - [INFO] - Starting hardware monitor and voice listener...
2026-04-26 23:39:47,673 - [INFO] - Switched to ONLINE vision
2026-04-26 23:40:34,868 - [INFO] - [ONLINE] hw=True voice=True vision=None
2026-04-26 23:41:25,363 - [INFO] - [ONLINE] hw=True voice=True vision=None
2026-04-26 23:42:12,428 - [INFO] - 🛑 Shutting down all processes...
2026-04-26 23:42:20,555 - [INFO] - 🚀 Master Control Booting Up...
2026-04-26 23:42:20,555 - [INFO] - Starting hardware monitor and voice listener...
2026-04-26 23:42:20,573 - [INFO] - Switched to ONLINE vision
2026-04-26 23:42:24,692 - [INFO] - 🛑 Shutting down all processes...
2026-04-26 23:42:27,697 - [INFO] - 🚀 Master Control Booting Up...
2026-04-26 23:42:27,698 - [INFO] - Starting hardware monitor and voice listener...
2026-04-26 23:42:27,709 - [INFO] - Switched to ONLINE vision
2026-04-26 23:43:14,798 - [INFO] - [ONLINE] hw=True voice=True vision=None
2026-04-26 23:43:30,027 - [INFO] - 🛑 Shutting down all processes...
2026-04-26 23:44:19,392 - [INFO] - 🚀 Master Control Booting Up...
2026-04-26 23:44:19,393 - [INFO] - Starting hardware monitor and voice listener...
2026-04-26 23:44:19,406 - [INFO] - Switched to ONLINE vision
2026-04-26 23:45:06,596 - [INFO] - [ONLINE] hw=True voice=True vision=None
2026-04-26 23:45:11,704 - [INFO] - Switched to OFFLINE vision
2026-04-26 23:45:18,194 - [INFO] - Switched to ONLINE vision
2026-04-26 23:45:49,563 - [INFO] - 🛑 Shutting down all processes...
2026-04-26 23:46:00,229 - [INFO] - 🚀 Master Control Booting Up...
2026-04-26 23:46:00,229 - [INFO] - Starting hardware monitor and voice listener...
2026-04-26 23:46:00,237 - [INFO] - Switched to ONLINE vision
2026-04-26 23:46:34,012 - [INFO] - 🛑 Shutting down all processes...
2026-04-26 23:47:08,049 - [INFO] - 🚀 Master Control Booting Up...
2026-04-26 23:47:08,049 - [INFO] - Starting hardware monitor and voice listener...
2026-04-26 23:47:08,059 - [INFO] - Switched to ONLINE vision
2026-04-26 23:47:55,092 - [INFO] - [ONLINE] hw=True voice=True vision=None
2026-04-26 23:48:36,841 - [INFO] - 🛑 Shutting down all processes...
2026-04-26 23:48:37,990 - [INFO] - 🚀 Master Control Booting Up...
2026-04-26 23:48:37,991 - [INFO] - Starting hardware monitor and voice listener...
2026-04-26 23:48:38,002 - [INFO] - Switched to ONLINE vision
2026-04-26 23:49:25,288 - [INFO] - [ONLINE] hw=True voice=True vision=None
2026-04-26 23:49:39,214 - [INFO] - 🛑 Shutting down all processes...
2026-04-26 23:49:53,300 - [INFO] - 🚀 Master Control Booting Up...
2026-04-26 23:49:53,300 - [INFO] - Starting hardware monitor and voice listener...
2026-04-26 23:49:53,309 - [INFO] - Switched to ONLINE vision
2026-04-26 23:50:40,323 - [INFO] - [ONLINE] hw=True voice=True vision=None
2026-04-26 23:51:30,823 - [INFO] - [ONLINE] hw=True voice=True vision=None
2026-04-26 23:52:21,124 - [INFO] - [ONLINE] hw=True voice=True vision=None
2026-04-26 23:52:36,477 - [INFO] - 🛑 Shutting down all processes...
2026-04-26 23:54:10,520 - [INFO] - 🚀 Master Control Booting Up...
2026-04-26 23:54:10,520 - [INFO] - Starting hardware monitor and voice listener...
2026-04-26 23:54:10,533 - [INFO] - Switched to ONLINE vision
2026-04-26 23:54:57,905 - [INFO] - [ONLINE] hw=True voice=True vision=None
2026-04-26 23:55:48,510 - [INFO] - [ONLINE] hw=True voice=True vision=None
2026-04-26 23:56:39,000 - [INFO] - [ONLINE] hw=True voice=True vision=None
2026-04-26 23:57:24,993 - [INFO] - 🛑 Shutting down all processes...
2026-04-26 23:57:58,161 - [INFO] - 🚀 Master Control Booting Up...
2026-04-26 23:57:58,161 - [INFO] - Starting hardware monitor and voice listener...
2026-04-26 23:57:58,174 - [INFO] - Switched to ONLINE vision
2026-04-26 23:58:45,279 - [INFO] - [ONLINE] hw=True voice=True vision=None
2026-04-26 23:59:35,850 - [INFO] - [ONLINE] hw=True voice=True vision=None
2026-04-27 00:00:26,374 - [INFO] - [ONLINE] hw=True voice=True vision=None
2026-04-27 00:01:16,932 - [INFO] - [ONLINE] hw=True voice=True vision=None
2026-04-27 00:01:53,420 - [INFO] - 🛑 Shutting down all processes...
2026-04-27 00:02:36,737 - [INFO] - 🚀 Master Control Booting Up...
2026-04-27 00:02:36,737 - [INFO] - Starting hardware monitor and voice listener...
2026-04-27 00:02:36,749 - [INFO] - Switched to ONLINE vision
2026-04-27 00:03:24,075 - [INFO] - [ONLINE] hw=True voice=True vision=None
2026-04-27 00:04:14,560 - [INFO] - [ONLINE] hw=True voice=True vision=None
2026-04-27 00:05:05,063 - [INFO] - [ONLINE] hw=True voice=True vision=None
2026-04-27 00:05:31,539 - [INFO] - 🛑 Shutting down all processes...
2026-04-27 00:08:54,746 - [INFO] - 🚀 Master Control Booting Up...
2026-04-27 00:08:54,746 - [INFO] - Starting hardware monitor and voice listener...
2026-04-27 00:08:54,769 - [INFO] - Switched to ONLINE vision
2026-04-27 00:09:42,219 - [INFO] - [ONLINE] hw=True voice=True vision=None
2026-04-27 00:10:17,980 - [INFO] - 🛑 Shutting down all processes...
2026-04-27 00:10:38,357 - [INFO] - 🚀 Master Control Booting Up...
2026-04-27 00:10:38,357 - [INFO] - Starting hardware monitor and voice listener...
2026-04-27 00:10:38,366 - [INFO] - Switched to ONLINE vision
2026-04-27 00:11:25,482 - [INFO] - [ONLINE] hw=True voice=True vision=None
2026-04-27 00:12:16,062 - [INFO] - [ONLINE] hw=True voice=True vision=None
2026-04-27 00:13:06,694 - [INFO] - [ONLINE] hw=True voice=True vision=None
2026-04-27 00:13:44,973 - [INFO] - 🛑 Shutting down all processes...
2026-04-27 00:19:02,237 - [INFO] - 🚀 Master Control Booting Up...
2026-04-27 00:19:02,237 - [INFO] - Starting hardware monitor and voice listener...
2026-04-27 00:19:02,269 - [INFO] - Switched to ONLINE vision
2026-04-27 00:19:49,774 - [INFO] - [ONLINE] hw=True voice=True vision=None
2026-04-27 00:20:40,372 - [INFO] - [ONLINE] hw=True voice=True vision=None
2026-04-27 00:21:31,003 - [INFO] - [ONLINE] hw=True voice=True vision=None
2026-04-27 00:22:21,756 - [INFO] - [ONLINE] hw=True voice=True vision=None
2026-04-27 00:23:12,288 - [INFO] - [ONLINE] hw=True voice=True vision=None
2026-04-27 00:23:50,989 - [INFO] - 🛑 Shutting down all processes...
2026-04-27 00:24:02,041 - [INFO] - 🚀 Master Control Booting Up...
2026-04-27 00:24:02,042 - [INFO] - Starting hardware monitor and voice listener...
2026-04-27 00:24:02,051 - [INFO] - Switched to ONLINE vision
2026-04-27 00:24:49,109 - [INFO] - [ONLINE] hw=True voice=True vision=None
2026-04-27 00:25:39,903 - [INFO] - [ONLINE] hw=True voice=True vision=None
2026-04-27 00:26:30,192 - [INFO] - [ONLINE] hw=True voice=True vision=None
2026-04-27 00:27:09,194 - [INFO] - 🛑 Shutting down all processes...
2026-04-27 00:27:10,811 - [INFO] - 🚀 Master Control Booting Up...
2026-04-27 00:27:10,811 - [INFO] - Starting hardware monitor and voice listener...
2026-04-27 00:27:11,125 - [INFO] - Switched to ONLINE vision
2026-04-27 00:27:58,270 - [INFO] - [ONLINE] hw=True voice=True vision=None
2026-04-27 00:28:48,777 - [INFO] - [ONLINE] hw=True voice=True vision=None
2026-04-27 00:29:39,052 - [INFO] - [ONLINE] hw=True voice=True vision=None
2026-04-27 00:30:29,555 - [INFO] - [ONLINE] hw=True voice=True vision=None
2026-04-27 00:31:20,337 - [INFO] - [ONLINE] hw=True voice=True vision=None
2026-04-27 00:31:24,108 - [INFO] - 🛑 Shutting down all processes...
2026-04-27 00:32:35,676 - [INFO] - 🚀 Master Control Booting Up...
2026-04-27 00:32:35,677 - [INFO] - Starting hardware monitor and voice listener...
2026-04-27 00:32:35,690 - [INFO] - Switched to ONLINE vision
2026-04-27 00:33:22,814 - [INFO] - [ONLINE] hw=True voice=True vision=None
2026-04-27 00:34:13,889 - [INFO] - [ONLINE] hw=True voice=True vision=None
2026-04-27 00:35:04,186 - [INFO] - [ONLINE] hw=True voice=True vision=None
2026-04-27 00:35:56,823 - [INFO] - [ONLINE] hw=True voice=True vision=None
2026-04-27 00:35:57,884 - [INFO] - 🛑 Shutting down all processes...
2026-04-27 00:36:01,417 - [INFO] - 🚀 Master Control Booting Up...
2026-04-27 00:36:01,418 - [INFO] - Starting hardware monitor and voice listener...
2026-04-27 00:36:01,433 - [INFO] - Switched to ONLINE vision
2026-04-27 00:36:49,505 - [INFO] - [ONLINE] hw=True voice=True vision=None
2026-04-27 00:37:40,043 - [INFO] - [ONLINE] hw=True voice=True vision=None
2026-04-27 00:37:55,362 - [INFO] - 🛑 Shutting down all processes...
2026-04-27 01:21:08,632 - [INFO] - 🚀 Master Control Booting Up...
2026-04-27 01:21:08,634 - [INFO] - Starting hardware monitor and voice listener...
2026-04-27 01:21:10,645 - [INFO] - Switched to OFFLINE vision
2026-04-27 01:21:24,686 - [INFO] - 🛑 Shutting down all processes...
2026-04-27 01:26:02,767 - [INFO] - 🚀 Master Control Booting Up...
2026-04-27 01:26:02,770 - [INFO] - Starting hardware monitor and voice listener...
2026-04-27 01:26:04,777 - [INFO] - Switched to OFFLINE vision
2026-04-27 01:26:19,972 - [INFO] - 🛑 Shutting down all processes...
2026-04-27 01:31:16,497 - [INFO] - 🚀 Master Control Booting Up...
2026-04-27 01:31:16,497 - [INFO] - Starting hardware monitor and voice listener...
2026-04-27 01:31:18,500 - [INFO] - Switched to OFFLINE vision
2026-04-27 01:31:34,191 - [INFO] - 🛑 Shutting down all processes...
2026-04-27 01:32:30,886 - [INFO] - 🚀 Master Control Booting Up...
2026-04-27 01:32:30,886 - [INFO] - Starting hardware monitor and voice listener...
2026-04-27 01:32:32,892 - [INFO] - Switched to OFFLINE vision
2026-04-27 01:33:04,869 - [INFO] - 🚀 Master Control Booting Up...
2026-04-27 01:33:04,869 - [INFO] - Starting hardware monitor and voice listener...
2026-04-27 01:33:06,875 - [INFO] - Switched to OFFLINE vision
2026-04-27 01:33:37,436 - [INFO] - [OFFLINE] hw=True voice=True vision=None
2026-04-27 01:34:11,361 - [INFO] - [OFFLINE] hw=True voice=True vision=None
2026-04-27 01:34:47,452 - [INFO] - [OFFLINE] hw=True voice=True vision=None
2026-04-27 01:34:57,502 - [INFO] - 🛑 Shutting down all processes...
2026-04-27 01:35:57,473 - [INFO] - [OFFLINE] hw=True voice=True vision=None
2026-04-27 01:36:50,729 - [INFO] - 🚀 Master Control Booting Up...
2026-04-27 01:36:50,730 - [INFO] - Starting hardware monitor and voice listener...
2026-04-27 01:36:52,738 - [INFO] - Switched to OFFLINE vision
2026-04-27 01:37:15,664 - [INFO] - 🛑 Shutting down all processes...
2026-04-27 01:41:00,017 - [INFO] - 🚀 Master Control Booting Up...
2026-04-27 01:41:00,018 - [INFO] - Starting hardware monitor and voice listener...
2026-04-27 01:41:02,024 - [INFO] - Switched to OFFLINE vision
2026-04-27 01:41:17,822 - [INFO] - 🛑 Shutting down all processes...
2026-04-27 01:45:52,523 - [INFO] - 🚀 Master Control Booting Up...
2026-04-27 01:45:52,523 - [INFO] - Starting hardware monitor and voice listener...
2026-04-27 01:45:54,527 - [INFO] - Switched to OFFLINE vision
2026-04-27 01:46:02,813 - [INFO] - 🛑 Shutting down all processes...
2026-04-27 01:48:08,359 - [INFO] - 🚀 Master Control Booting Up...
2026-04-27 01:48:08,360 - [INFO] - Starting hardware monitor and voice listener...
2026-04-27 01:48:10,362 - [INFO] - Switched to OFFLINE vision
2026-04-27 01:49:14,897 - [INFO] - [OFFLINE] hw=True voice=True vision=None
2026-04-27 01:50:24,915 - [INFO] - [OFFLINE] hw=True voice=True vision=None
2026-04-27 01:51:21,659 - [INFO] - 🛑 Shutting down all processes...
2026-04-27 01:51:25,136 - [INFO] - 🚀 Master Control Booting Up...
2026-04-27 01:51:25,136 - [INFO] - Starting hardware monitor and voice listener...
2026-04-27 01:51:27,139 - [INFO] - Switched to OFFLINE vision
2026-04-27 01:52:07,323 - [INFO] - 🛑 Shutting down all processes...
2026-04-27 01:57:17,302 - [INFO] - 🚀 Master Control Booting Up...
2026-04-27 01:57:17,303 - [INFO] - Starting hardware monitor and voice listener...
2026-04-27 01:57:19,306 - [INFO] - Switched to OFFLINE vision
2026-04-27 01:57:43,381 - [INFO] - 🛑 Shutting down all processes...
2026-04-27 02:01:12,644 - [INFO] - 🚀 Master Control Booting Up...
2026-04-27 02:01:12,645 - [INFO] - Starting hardware monitor and voice listener...
2026-04-27 02:01:14,651 - [INFO] - Switched to OFFLINE vision
2026-04-27 02:01:51,248 - [INFO] - 🛑 Shutting down all processes...
